{"C:\\Users\\t-saagg\\Documents\\typescriptPractice\\js-test\\node\\users.js":{"path":"C:\\Users\\t-saagg\\Documents\\typescriptPractice\\js-test\\node\\users.js","s":{"1":1,"2":1,"3":1,"4":1,"5":1,"6":3,"7":2,"8":1,"9":1,"10":1,"11":1,"12":1,"13":2,"14":1,"15":1,"16":1,"17":2,"18":1,"19":1,"20":1,"21":1,"22":2,"23":1,"24":1,"25":1,"26":1,"27":1},"b":{"1":[2,1],"2":[3,2],"3":[1,1],"4":[1,1],"5":[1,1]},"f":{"1":1,"2":1,"3":3,"4":2,"5":2,"6":2},"fnMap":{"1":{"name":"(anonymous_1)","line":2,"loc":{"start":{"line":2,"column":14},"end":{"line":2,"column":26}}},"2":{"name":"UserDB","line":3,"loc":{"start":{"line":3,"column":4},"end":{"line":3,"column":22}}},"3":{"name":"(anonymous_3)","line":9,"loc":{"start":{"line":9,"column":30},"end":{"line":9,"column":46}}},"4":{"name":"(anonymous_4)","line":18,"loc":{"start":{"line":18,"column":28},"end":{"line":18,"column":42}}},"5":{"name":"(anonymous_5)","line":24,"loc":{"start":{"line":24,"column":30},"end":{"line":24,"column":46}}},"6":{"name":"(anonymous_6)","line":31,"loc":{"start":{"line":31,"column":30},"end":{"line":31,"column":44}}}},"statementMap":{"1":{"start":{"line":2,"column":0},"end":{"line":39,"column":5}},"2":{"start":{"line":3,"column":4},"end":{"line":8,"column":5}},"3":{"start":{"line":4,"column":8},"end":{"line":4,"column":20}},"4":{"start":{"line":5,"column":8},"end":{"line":7,"column":10}},"5":{"start":{"line":9,"column":4},"end":{"line":17,"column":6}},"6":{"start":{"line":10,"column":8},"end":{"line":12,"column":9}},"7":{"start":{"line":11,"column":12},"end":{"line":11,"column":24}},"8":{"start":{"line":13,"column":8},"end":{"line":13,"column":26}},"9":{"start":{"line":14,"column":8},"end":{"line":14,"column":18}},"10":{"start":{"line":15,"column":8},"end":{"line":15,"column":35}},"11":{"start":{"line":16,"column":8},"end":{"line":16,"column":20}},"12":{"start":{"line":18,"column":4},"end":{"line":23,"column":6}},"13":{"start":{"line":19,"column":8},"end":{"line":21,"column":9}},"14":{"start":{"line":20,"column":12},"end":{"line":20,"column":24}},"15":{"start":{"line":22,"column":8},"end":{"line":22,"column":30}},"16":{"start":{"line":24,"column":4},"end":{"line":30,"column":6}},"17":{"start":{"line":25,"column":8},"end":{"line":27,"column":9}},"18":{"start":{"line":26,"column":12},"end":{"line":26,"column":25}},"19":{"start":{"line":28,"column":8},"end":{"line":28,"column":35}},"20":{"start":{"line":29,"column":8},"end":{"line":29,"column":20}},"21":{"start":{"line":31,"column":4},"end":{"line":37,"column":6}},"22":{"start":{"line":32,"column":8},"end":{"line":34,"column":9}},"23":{"start":{"line":33,"column":12},"end":{"line":33,"column":25}},"24":{"start":{"line":35,"column":8},"end":{"line":35,"column":30}},"25":{"start":{"line":36,"column":8},"end":{"line":36,"column":20}},"26":{"start":{"line":38,"column":4},"end":{"line":38,"column":18}},"27":{"start":{"line":40,"column":0},"end":{"line":40,"column":24}}},"branchMap":{"1":{"line":10,"type":"if","locations":[{"start":{"line":10,"column":8},"end":{"line":10,"column":8}},{"start":{"line":10,"column":8},"end":{"line":10,"column":8}}]},"2":{"line":10,"type":"binary-expr","locations":[{"start":{"line":10,"column":12},"end":{"line":10,"column":32}},{"start":{"line":10,"column":36},"end":{"line":10,"column":45}}]},"3":{"line":19,"type":"if","locations":[{"start":{"line":19,"column":8},"end":{"line":19,"column":8}},{"start":{"line":19,"column":8},"end":{"line":19,"column":8}}]},"4":{"line":25,"type":"if","locations":[{"start":{"line":25,"column":8},"end":{"line":25,"column":8}},{"start":{"line":25,"column":8},"end":{"line":25,"column":8}}]},"5":{"line":32,"type":"if","locations":[{"start":{"line":32,"column":8},"end":{"line":32,"column":8}},{"start":{"line":32,"column":8},"end":{"line":32,"column":8}}]}}}}